<?xml version="1.0" encoding="UTF-8"?>
<!-- Generated by org.testng.reporters.JUnitReportReporter -->
<testsuite hostname="Jagdish" failures="0" tests="3" name="Test.EntrataTests" time="55.164" errors="0" timestamp="2024-09-23T00:04:41 IST" skipped="0">
  <testcase classname="Test.EntrataTests" name="seeHowItWorksTest" time="14.654"/>
  <system-out/>
  <testcase classname="Test.EntrataTests" name="findProductTest" time="8.828"/>
  <system-out/>
  <testcase classname="Test.EntrataTests" name="watchDemo" time="31.682"/>
  <system-out/>
</testsuite> <!-- Test.EntrataTests -->
