<?xml version="1.0" encoding="UTF-8"?>
<!-- Generated by org.testng.reporters.JUnitReportReporter -->
<testsuite hostname="Jagdish" failures="0" tests="1" name="Test.SearchProduct" time="14.690" errors="0" timestamp="2024-09-13T21:11:00 IST" skipped="0">
  <testcase classname="Test.SearchProduct" name="findProductTest" time="14.690"/>
  <system-out/>
</testsuite> <!-- Test.SearchProduct -->
